빌드 시작: 2018-06-21 오후 6:06:13
     1>2 노드의 "C:\Users\hole8\Documents\Visual Studio 2012\Projects\NetPorj\team\recv\recv\recv.vcxproj" 프로젝트(Build 대상)입니다.
     1>ClCompile:
         C:\Program Files (x86)\Microsoft Visual Studio 11.0\VC\bin\CL.exe /c /ZI /nologo /W3 /WX- /Od /Oy- /D WIN32 /D _DEBUG /D _CONSOLE /D _UNICODE /D UNICODE /Gm /EHsc /RTC1 /MDd /GS /fp:precise /Zc:wchar_t /Zc:forScope /Fo"Debug\\" /Fd"Debug\vc110.pdb" /Gd /TP /analyze- /errorReport:prompt recv.cpp
         recv.cpp
     1>c:\users\hole8\documents\visual studio 2012\projects\netporj\team\recv\recv\recv.cpp(148): warning C4996: 'getch': The POSIX name for this item is deprecated. Instead, use the ISO C++ conformant name: _getch. See online help for details.
                 c:\program files (x86)\microsoft visual studio 11.0\vc\include\conio.h(131) : 'getch' 선언을 참조하십시오.
     1>c:\users\hole8\documents\visual studio 2012\projects\netporj\team\recv\recv\recv.cpp(100): warning C4101: 'i' :참조되지 않은 지역 변수입니다.
     1>c:\users\hole8\documents\visual studio 2012\projects\netporj\team\recv\recv\recv.cpp(748): warning C4996: 'kbhit': The POSIX name for this item is deprecated. Instead, use the ISO C++ conformant name: _kbhit. See online help for details.
                 c:\program files (x86)\microsoft visual studio 11.0\vc\include\conio.h(133) : 'kbhit' 선언을 참조하십시오.
     1>c:\users\hole8\documents\visual studio 2012\projects\netporj\team\recv\recv\recv.cpp(749): warning C4996: 'getch': The POSIX name for this item is deprecated. Instead, use the ISO C++ conformant name: _getch. See online help for details.
                 c:\program files (x86)\microsoft visual studio 11.0\vc\include\conio.h(131) : 'getch' 선언을 참조하십시오.
     1>c:\users\hole8\documents\visual studio 2012\projects\netporj\team\recv\recv\recv.cpp(742): warning C4101: 'count' :참조되지 않은 지역 변수입니다.
     1>c:\users\hole8\documents\visual studio 2012\projects\netporj\team\recv\recv\recv.cpp(742): warning C4101: 'i' :참조되지 않은 지역 변수입니다.
       Link:
         C:\Program Files (x86)\Microsoft Visual Studio 11.0\VC\bin\link.exe /ERRORREPORT:PROMPT /OUT:"C:\Users\hole8\Documents\Visual Studio 2012\Projects\NetPorj\team\recv\Debug\recv.exe" /INCREMENTAL /NOLOGO kernel32.lib user32.lib gdi32.lib winspool.lib comdlg32.lib advapi32.lib shell32.lib ole32.lib oleaut32.lib uuid.lib odbc32.lib odbccp32.lib /MANIFEST /MANIFESTUAC:"level='asInvoker' uiAccess='false'" /manifest:embed /DEBUG /PDB:"C:\Users\hole8\Documents\Visual Studio 2012\Projects\NetPorj\team\recv\Debug\recv.pdb" /SUBSYSTEM:CONSOLE /TLBID:1 /DYNAMICBASE /NXCOMPAT /IMPLIB:"C:\Users\hole8\Documents\Visual Studio 2012\Projects\NetPorj\team\recv\Debug\recv.lib" /MACHINE:X86 Debug\recv.obj
         recv.vcxproj -> C:\Users\hole8\Documents\Visual Studio 2012\Projects\NetPorj\team\recv\Debug\recv.exe
     1>"C:\Users\hole8\Documents\Visual Studio 2012\Projects\NetPorj\team\recv\recv\recv.vcxproj" 프로젝트를 빌드했습니다(Build 대상).

빌드했습니다.

경과 시간: 00:00:01.39
